<?xml version="1.0" encoding="UTF-8"?>
<!-- Generated by org.testng.reporters.JUnitXMLReporter -->
<testsuite ignored="0" hostname="shap-dev-rdsh2" failures="0" tests="7" name="Default test" time="19.686" errors="0" timestamp="2025-02-06T11:11:34 EST">
  <testcase classname="demoQA_Testcases.test_ElementsFunction" name="ValidatationForNavigationToElements" time="2.424"/>
  <testcase classname="demoQA_Testcases.test_ElementsFunction" name="ValidationForElementComponentOptions" time="0.299"/>
  <testcase classname="demoQA_Testcases.test_ElementsFunction" name="ValidationForTextBoxComponents" time="0.551"/>
  <testcase classname="demoQA_Testcases.test_ElementsFunction" name="ValidationForTextBoxFunctionality" time="0.441"/>
  <testcase classname="demoQA_Testcases.test_ElementsFunction" name="ValidationForCheckBoxComponents" time="1.813"/>
  <testcase classname="demoQA_Testcases.test_ElementsFunction" name="ValidationForRadioButton" time="0.711"/>
  <testcase classname="demoQA_Testcases.test_ElementsFunction" name="ValidationForWebTable" time="7.603"/>
</testsuite> <!-- Default test -->
